<?xml version="1.0" encoding="UTF-8"?>
<testsuite xmlns:xsi="http://www.w3.org/2001/XMLSchema-instance" xsi:noNamespaceSchemaLocation="https://maven.apache.org/surefire/maven-surefire-plugin/xsd/surefire-test-report-3.0.xsd" version="3.0" name="Test" time="0.008" tests="0" errors="0" skipped="0" failures="0">
  <properties>
    <property name="java.specification.version" value="19"/>
    <property name="sun.cpu.isalist" value="amd64"/>
    <property name="sun.jnu.encoding" value="Cp1252"/>
    <property name="java.class.path" value="C:\Roar\Java\08Maven_and_FlightProject\MavenProject\target\test-classes;C:\Roar\Java\08Maven_and_FlightProject\MavenProject\target\classes;C:\Users\jayesh\.m2\repository\mysql\mysql-connector-java\8.0.20\mysql-connector-java-8.0.20.jar;C:\Users\jayesh\.m2\repository\com\google\protobuf\protobuf-java\3.6.1\protobuf-java-3.6.1.jar;"/>
    <property name="java.vm.vendor" value="Oracle Corporation"/>
    <property name="sun.arch.data.model" value="64"/>
    <property name="user.variant" value=""/>
    <property name="java.vendor.url" value="https://java.oracle.com/"/>
    <property name="user.timezone" value="Asia/Calcutta"/>
    <property name="os.name" value="Windows 11"/>
    <property name="java.vm.specification.version" value="19"/>
    <property name="sun.java.launcher" value="SUN_STANDARD"/>
    <property name="user.country" value="IN"/>
    <property name="sun.boot.library.path" value="C:\Program Files\Java\jdk-19\bin"/>
    <property name="sun.java.command" value="C:\Users\jayesh\AppData\Local\Temp\surefire15043332519857060659\surefirebooter-20240323200835785_3.jar C:\Users\jayesh\AppData\Local\Temp\surefire15043332519857060659 2024-03-23T20-08-35_511-jvmRun1 surefire-20240323200835785_1tmp surefire_0-20240323200835785_2tmp"/>
    <property name="jdk.debug" value="release"/>
    <property name="surefire.test.class.path" value="C:\Roar\Java\08Maven_and_FlightProject\MavenProject\target\test-classes;C:\Roar\Java\08Maven_and_FlightProject\MavenProject\target\classes;C:\Users\jayesh\.m2\repository\mysql\mysql-connector-java\8.0.20\mysql-connector-java-8.0.20.jar;C:\Users\jayesh\.m2\repository\com\google\protobuf\protobuf-java\3.6.1\protobuf-java-3.6.1.jar;"/>
    <property name="sun.cpu.endian" value="little"/>
    <property name="user.home" value="C:\Users\jayesh"/>
    <property name="user.language" value="en"/>
    <property name="java.specification.vendor" value="Oracle Corporation"/>
    <property name="java.version.date" value="2023-01-17"/>
    <property name="java.home" value="C:\Program Files\Java\jdk-19"/>
    <property name="file.separator" value="\"/>
    <property name="basedir" value="C:\Roar\Java\08Maven_and_FlightProject\MavenProject"/>
    <property name="java.vm.compressedOopsMode" value="32-bit"/>
    <property name="line.separator" value="&#10;"/>
    <property name="java.vm.specification.vendor" value="Oracle Corporation"/>
    <property name="java.specification.name" value="Java Platform API Specification"/>
    <property name="surefire.real.class.path" value="C:\Users\jayesh\AppData\Local\Temp\surefire15043332519857060659\surefirebooter-20240323200835785_3.jar"/>
    <property name="user.script" value=""/>
    <property name="sun.management.compiler" value="HotSpot 64-Bit Tiered Compilers"/>
    <property name="java.runtime.version" value="19.0.2+7-44"/>
    <property name="user.name" value="jayesh"/>
    <property name="stdout.encoding" value="Cp1252"/>
    <property name="path.separator" value=";"/>
    <property name="os.version" value="10.0"/>
    <property name="java.runtime.name" value="Java(TM) SE Runtime Environment"/>
    <property name="file.encoding" value="UTF-8"/>
    <property name="java.vm.name" value="Java HotSpot(TM) 64-Bit Server VM"/>
    <property name="localRepository" value="C:\Users\jayesh\.m2\repository"/>
    <property name="java.vendor.url.bug" value="https://bugreport.java.com/bugreport/"/>
    <property name="java.io.tmpdir" value="C:\Users\jayesh\AppData\Local\Temp\"/>
    <property name="java.version" value="19.0.2"/>
    <property name="user.dir" value="C:\Roar\Java\08Maven_and_FlightProject\MavenProject"/>
    <property name="os.arch" value="amd64"/>
    <property name="java.vm.specification.name" value="Java Virtual Machine Specification"/>
    <property name="sun.os.patch.level" value=""/>
    <property name="native.encoding" value="Cp1252"/>
    <property name="java.library.path" value="C:\Program Files\Java\jdk-19\bin;C:\WINDOWS\Sun\Java\bin;C:\WINDOWS\system32;C:\WINDOWS;C:\db_home\bin;C:\app\jayesh\product\21c\dbhomeXE\bin;C:\Users\jayesh\Downloads\WINDOWS.X64_193000_db_home\bin;C:\python37\Scripts\;C:\python37\;C:\WINDOWS\system32;C:\WINDOWS;C:\WINDOWS\System32\Wbem;C:\WINDOWS\System32\WindowsPowerShell\v1.0\;C:\WINDOWS\System32\OpenSSH\;C:\Program Files\Git\cmd;C:\Program Files\nodejs\;C:\Program Files\MongoDB\Tools\100\bin;C:\sqlite;C:\sqlite\sqlite-tools-win-x64-3440200;C:\ProgramData\chocolatey\bin;C:\Users\jayesh\AppData\Local\Microsoft\WindowsApps;C:\Program Files (x86)\mingw-w64\i686-8.1.0-posix-dwarf-rt_v6-rev0\mingw32;C:\Program Files (x86)\mingw-w64\i686-8.1.0-posix-dwarf-rt_v6-rev0\mingw32\bin;C:\Program Files\heroku\bin;C:\Users\jayesh\AppData\Local\Programs\Microsoft VS Code\bin;C:\Program Files\Java\jdk-19\bin;C:\Program Files\MySQL\MySQL Server 8.0\bin;C:\Users\jayesh\AppData\Roaming\npm;C:\Users\jayesh\AppData\Roaming\npm;C:\Users\jayesh\AppData\Local\Programs\mongosh\;C:\Program Files\MongoDB\Server\7.0\bin;C:\Program Files\MongoDB\Tools\100\bin\mongoimport.exe;C:\Users\jayesh\AppData\Local\GitHubDesktop\bin;C:\sqlite;C:\Program Files\Android\Android Studio;C:\Program Files\Java\jdk-19;C:\Users\jayesh\Downloads\apache-maven-3.9.6-src;C:\Users\jayesh\Downloads\apache-maven-3.9.6-bin\apache-maven-3.9.6\bin;;."/>
    <property name="java.vm.info" value="mixed mode, sharing"/>
    <property name="stderr.encoding" value="Cp1252"/>
    <property name="java.vendor" value="Oracle Corporation"/>
    <property name="java.vm.version" value="19.0.2+7-44"/>
    <property name="sun.io.unicode.encoding" value="UnicodeLittle"/>
    <property name="java.class.version" value="63.0"/>
  </properties>
</testsuite>